2025-04-04 07:47:31.021070 - Received CBT.V508.FILE316.PDS from FILE316.XMI 
2025-04-04 07:47:31.029124 - Found $$$#DATE.txt (text/plain) in CBT.V508.FILE316.PDS, moved to PDS/$$$#DATE
2025-04-04 07:47:31.029269 - Found $$HIST.txt (text/plain) in CBT.V508.FILE316.PDS, moved to PDS/$$HIST
2025-04-04 07:47:31.029452 - Found $$MACROX.txt (text/plain) in CBT.V508.FILE316.PDS, moved to PDS/$$MACROX
2025-04-04 07:47:31.029590 - Found $$PROSE.txt (text/plain) in CBT.V508.FILE316.PDS, moved to PDS/$$PROSE
2025-04-04 07:47:31.029726 - Found @FILE316.txt (text/plain) in CBT.V508.FILE316.PDS, moved to PDS/@FILE316
2025-04-04 07:47:31.029883 - Found ASKOPER.txt (text/plain) in CBT.V508.FILE316.PDS, moved to PDS/ASKOPER
2025-04-04 07:47:31.030104 - Found ASKOPER$.jcl (text/plain) in CBT.V508.FILE316.PDS, moved to PDS/ASKOPER$
2025-04-04 07:47:31.030294 - Found ASKOPERJ.jcl (text/plain) in CBT.V508.FILE316.PDS, moved to PDS/ASKOPERJ
2025-04-04 07:47:31.030463 - Found ASMBOX1.txt (text/plain) in CBT.V508.FILE316.PDS, moved to PDS/ASMBOX1
2025-04-04 07:47:31.030591 - Found ASMHNOX.txt (text/plain) in CBT.V508.FILE316.PDS, moved to PDS/ASMHNOX
2025-04-04 07:47:31.030724 - Found ASMR90.txt (text/plain) in CBT.V508.FILE316.PDS, moved to PDS/ASMR90
2025-04-04 07:47:31.030855 - Found ASMR90$.txt (text/plain) in CBT.V508.FILE316.PDS, moved to PDS/ASMR90$
2025-04-04 07:47:31.030997 - Found BLOKHD.txt (text/plain) in CBT.V508.FILE316.PDS, moved to PDS/BLOKHD
2025-04-04 07:47:31.031172 - Found BLOKHD$.txt (text/plain) in CBT.V508.FILE316.PDS, moved to PDS/BLOKHD$
2025-04-04 07:47:31.031337 - Found BLOKHF.txt (text/plain) in CBT.V508.FILE316.PDS, moved to PDS/BLOKHF
2025-04-04 07:47:31.031479 - Found BLOKHF$.txt (text/plain) in CBT.V508.FILE316.PDS, moved to PDS/BLOKHF$
2025-04-04 07:47:31.031642 - Found BLOKLTR.txt (text/plain) in CBT.V508.FILE316.PDS, moved to PDS/BLOKLTR
2025-04-04 07:47:31.031778 - Found BLOKLTR$.txt (text/plain) in CBT.V508.FILE316.PDS, moved to PDS/BLOKLTR$
2025-04-04 07:47:31.031942 - Found BLOKPDS.txt (text/plain) in CBT.V508.FILE316.PDS, moved to PDS/BLOKPDS
2025-04-04 07:47:31.032082 - Found BLOKPDS$.txt (text/plain) in CBT.V508.FILE316.PDS, moved to PDS/BLOKPDS$
2025-04-04 07:47:31.032212 - Found CATLIST.txt (text/plain) in CBT.V508.FILE316.PDS, moved to PDS/CATLIST
2025-04-04 07:47:31.032331 - Found CATLIST$.jcl (text/plain) in CBT.V508.FILE316.PDS, moved to PDS/CATLIST$
2025-04-04 07:47:31.032452 - Found CATLIST@.txt (text/plain) in CBT.V508.FILE316.PDS, moved to PDS/CATLIST@
2025-04-04 07:47:31.032581 - Found CATLISTJ.jcl (text/plain) in CBT.V508.FILE316.PDS, moved to PDS/CATLISTJ
2025-04-04 07:47:31.032769 - Found CATPTPCH.txt (text/plain) in CBT.V508.FILE316.PDS, moved to PDS/CATPTPCH
2025-04-04 07:47:31.032925 - Found COPYFI##.txt (text/plain) in CBT.V508.FILE316.PDS, moved to PDS/COPYFI##
2025-04-04 07:47:31.033054 - Found COPYFIL$.jcl (text/plain) in CBT.V508.FILE316.PDS, moved to PDS/COPYFIL$
2025-04-04 07:47:31.033174 - Found COPYFIL#.txt (text/plain) in CBT.V508.FILE316.PDS, moved to PDS/COPYFIL#
2025-04-04 07:47:31.033322 - Found COPYFILE.txt (text/plain) in CBT.V508.FILE316.PDS, moved to PDS/COPYFILE
2025-04-04 07:47:31.033456 - Found COPYFILO.txt (text/plain) in CBT.V508.FILE316.PDS, moved to PDS/COPYFILO
2025-04-04 07:47:31.033598 - Found COPYFILP.txt (text/plain) in CBT.V508.FILE316.PDS, moved to PDS/COPYFILP
2025-04-04 07:47:31.033727 - Found COPYNL##.txt (text/plain) in CBT.V508.FILE316.PDS, moved to PDS/COPYNL##
2025-04-04 07:47:31.033843 - Found COPYNLN#.txt (text/plain) in CBT.V508.FILE316.PDS, moved to PDS/COPYNLN#
2025-04-04 07:47:31.033965 - Found COPYNLNL.txt (text/plain) in CBT.V508.FILE316.PDS, moved to PDS/COPYNLNL
2025-04-04 07:47:31.034093 - Found COPYNLNO.txt (text/plain) in CBT.V508.FILE316.PDS, moved to PDS/COPYNLNO
2025-04-04 07:47:31.034212 - Found COPYNLNP.txt (text/plain) in CBT.V508.FILE316.PDS, moved to PDS/COPYNLNP
2025-04-04 07:47:31.034339 - Found COPYREC.txt (text/plain) in CBT.V508.FILE316.PDS, moved to PDS/COPYREC
2025-04-04 07:47:31.034463 - Found COPYREC$.txt (text/plain) in CBT.V508.FILE316.PDS, moved to PDS/COPYREC$
2025-04-04 07:47:31.034618 - Found COPYSL##.txt (text/plain) in CBT.V508.FILE316.PDS, moved to PDS/COPYSL##
2025-04-04 07:47:31.034738 - Found COPYSLN$.jcl (text/plain) in CBT.V508.FILE316.PDS, moved to PDS/COPYSLN$
2025-04-04 07:47:31.034856 - Found COPYSLN#.txt (text/plain) in CBT.V508.FILE316.PDS, moved to PDS/COPYSLN#
2025-04-04 07:47:31.034970 - Found COPYSLN@.jcl (text/plain) in CBT.V508.FILE316.PDS, moved to PDS/COPYSLN@
2025-04-04 07:47:31.035102 - Found COPYSLNL.txt (text/plain) in CBT.V508.FILE316.PDS, moved to PDS/COPYSLNL
2025-04-04 07:47:31.035225 - Found COPYSLNO.txt (text/plain) in CBT.V508.FILE316.PDS, moved to PDS/COPYSLNO
2025-04-04 07:47:31.035349 - Found COPYSLNP.txt (text/plain) in CBT.V508.FILE316.PDS, moved to PDS/COPYSLNP
2025-04-04 07:47:31.035482 - Found CT.txt (text/plain) in CBT.V508.FILE316.PDS, moved to PDS/CT
2025-04-04 07:47:31.035612 - Found CT$.jcl (text/plain) in CBT.V508.FILE316.PDS, moved to PDS/CT$
2025-04-04 07:47:31.035728 - Found CTJ1.jcl (text/plain) in CBT.V508.FILE316.PDS, moved to PDS/CTJ1
2025-04-04 07:47:31.035844 - Found CTZAP.jcl (text/plain) in CBT.V508.FILE316.PDS, moved to PDS/CTZAP
2025-04-04 07:47:31.035973 - Found C3PO.txt (text/plain) in CBT.V508.FILE316.PDS, moved to PDS/C3PO
2025-04-04 07:47:31.036092 - Found C3PO2.txt (text/plain) in CBT.V508.FILE316.PDS, moved to PDS/C3PO2
2025-04-04 07:47:31.036217 - Found DELINK0.txt (text/plain) in CBT.V508.FILE316.PDS, moved to PDS/DELINK0
2025-04-04 07:47:31.036336 - Found DELINK0$.txt (text/plain) in CBT.V508.FILE316.PDS, moved to PDS/DELINK0$
2025-04-04 07:47:31.036471 - Found DISKMAP.txt (text/plain) in CBT.V508.FILE316.PDS, moved to PDS/DISKMAP
2025-04-04 07:47:31.036587 - Found DISKMAP$.txt (text/plain) in CBT.V508.FILE316.PDS, moved to PDS/DISKMAP$
2025-04-04 07:47:31.036717 - Found DOWEGO.txt (text/plain) in CBT.V508.FILE316.PDS, moved to PDS/DOWEGO
2025-04-04 07:47:31.036832 - Found DOWEGO$.txt (text/plain) in CBT.V508.FILE316.PDS, moved to PDS/DOWEGO$
2025-04-04 07:47:31.036948 - Found EALSD09$.txt (text/plain) in CBT.V508.FILE316.PDS, moved to PDS/EALSD09$
2025-04-04 07:47:31.037076 - Found EALSD095.txt (text/plain) in CBT.V508.FILE316.PDS, moved to PDS/EALSD095
2025-04-04 07:47:31.037196 - Found ENFORCE.txt (text/plain) in CBT.V508.FILE316.PDS, moved to PDS/ENFORCE
2025-04-04 07:47:31.037313 - Found EXCPMOD.jcl (text/plain) in CBT.V508.FILE316.PDS, moved to PDS/EXCPMOD
2025-04-04 07:47:31.037438 - Found EXIMPOR$.txt (text/plain) in CBT.V508.FILE316.PDS, moved to PDS/EXIMPOR$
2025-04-04 07:47:31.037561 - Found EXIMPORT.txt (text/plain) in CBT.V508.FILE316.PDS, moved to PDS/EXIMPORT
2025-04-04 07:47:31.037681 - Found EXIT002.txt (text/plain) in CBT.V508.FILE316.PDS, moved to PDS/EXIT002
2025-04-04 07:47:31.037804 - Found EXIT006.txt (text/plain) in CBT.V508.FILE316.PDS, moved to PDS/EXIT006
2025-04-04 07:47:31.037926 - Found FCBLIST.txt (text/plain) in CBT.V508.FILE316.PDS, moved to PDS/FCBLIST
2025-04-04 07:47:31.038045 - Found FCBLIST$.txt (text/plain) in CBT.V508.FILE316.PDS, moved to PDS/FCBLIST$
2025-04-04 07:47:31.038164 - Found FCBLIST@.eml (message/rfc822) in CBT.V508.FILE316.PDS, moved to PDS/FCBLIST@
2025-04-04 07:47:31.038280 - Found FCBLISTO.txt (text/plain) in CBT.V508.FILE316.PDS, moved to PDS/FCBLISTO
2025-04-04 07:47:31.038396 - Found FFYCOPY.txt (text/plain) in CBT.V508.FILE316.PDS, moved to PDS/FFYCOPY
2025-04-04 07:47:31.038525 - Found FFYCOPY$.jcl (text/plain) in CBT.V508.FILE316.PDS, moved to PDS/FFYCOPY$
2025-04-04 07:47:31.038646 - Found FFYCOPYO.txt (text/plain) in CBT.V508.FILE316.PDS, moved to PDS/FFYCOPYO
2025-04-04 07:47:31.038767 - Found FINDAZA$.txt (text/plain) in CBT.V508.FILE316.PDS, moved to PDS/FINDAZA$
2025-04-04 07:47:31.038910 - Found FINDAZAP.txt (text/plain) in CBT.V508.FILE316.PDS, moved to PDS/FINDAZAP
2025-04-04 07:47:31.039035 - Found GETDATE.txt (text/plain) in CBT.V508.FILE316.PDS, moved to PDS/GETDATE
2025-04-04 07:47:31.039148 - Found GETDATE$.txt (text/plain) in CBT.V508.FILE316.PDS, moved to PDS/GETDATE$
2025-04-04 07:47:31.039262 - Found IDATE.txt (text/plain) in CBT.V508.FILE316.PDS, moved to PDS/IDATE
2025-04-04 07:47:31.039378 - Found IDATE$.txt (text/plain) in CBT.V508.FILE316.PDS, moved to PDS/IDATE$
2025-04-04 07:47:31.039491 - Found IEECVXI$.jcl (text/plain) in CBT.V508.FILE316.PDS, moved to PDS/IEECVXI$
2025-04-04 07:47:31.039612 - Found IEECVXIT.txt (text/plain) in CBT.V508.FILE316.PDS, moved to PDS/IEECVXIT
2025-04-04 07:47:31.039743 - Found IEFUJI.txt (text/plain) in CBT.V508.FILE316.PDS, moved to PDS/IEFUJI
2025-04-04 07:47:31.039863 - Found IEFUJI$.txt (text/plain) in CBT.V508.FILE316.PDS, moved to PDS/IEFUJI$
2025-04-04 07:47:31.039980 - Found IEFUTL.txt (text/plain) in CBT.V508.FILE316.PDS, moved to PDS/IEFUTL
2025-04-04 07:47:31.040096 - Found IEFUTL$.txt (text/plain) in CBT.V508.FILE316.PDS, moved to PDS/IEFUTL$
2025-04-04 07:47:31.040228 - Found IEFU29.txt (text/plain) in CBT.V508.FILE316.PDS, moved to PDS/IEFU29
2025-04-04 07:47:31.040343 - Found IEFU29$.txt (text/plain) in CBT.V508.FILE316.PDS, moved to PDS/IEFU29$
2025-04-04 07:47:31.040468 - Found IEFU83.txt (text/plain) in CBT.V508.FILE316.PDS, moved to PDS/IEFU83
2025-04-04 07:47:31.040584 - Found IEFU83$.txt (text/plain) in CBT.V508.FILE316.PDS, moved to PDS/IEFU83$
2025-04-04 07:47:31.040711 - Found IGG019W$.txt (text/plain) in CBT.V508.FILE316.PDS, moved to PDS/IGG019W$
2025-04-04 07:47:31.040831 - Found IGG019WD.txt (text/plain) in CBT.V508.FILE316.PDS, moved to PDS/IGG019WD
2025-04-04 07:47:31.040949 - Found IGG019WE.txt (text/plain) in CBT.V508.FILE316.PDS, moved to PDS/IGG019WE
2025-04-04 07:47:31.041076 - Found INCORZAP.txt (text/plain) in CBT.V508.FILE316.PDS, moved to PDS/INCORZAP
2025-04-04 07:47:31.041206 - Found INCORZZP.txt (text/plain) in CBT.V508.FILE316.PDS, moved to PDS/INCORZZP
2025-04-04 07:47:31.041321 - Found IPOUPDTE.txt (text/plain) in CBT.V508.FILE316.PDS, moved to PDS/IPOUPDTE
2025-04-04 07:47:31.041447 - Found JESXRDR.txt (text/plain) in CBT.V508.FILE316.PDS, moved to PDS/JESXRDR
2025-04-04 07:47:31.041563 - Found JES0001.txt (text/plain) in CBT.V508.FILE316.PDS, moved to PDS/JES0001
2025-04-04 07:47:31.041679 - Found JOBCARD.txt (text/plain) in CBT.V508.FILE316.PDS, moved to PDS/JOBCARD
2025-04-04 07:47:31.041791 - Found JOBCARD$.txt (text/plain) in CBT.V508.FILE316.PDS, moved to PDS/JOBCARD$
2025-04-04 07:47:31.041927 - Found J13X1.txt (text/plain) in CBT.V508.FILE316.PDS, moved to PDS/J13X1
2025-04-04 07:47:31.042050 - Found J13X1ACT.txt (text/plain) in CBT.V508.FILE316.PDS, moved to PDS/J13X1ACT
2025-04-04 07:47:31.042167 - Found J13X1TBL.txt (text/plain) in CBT.V508.FILE316.PDS, moved to PDS/J13X1TBL
2025-04-04 07:47:31.042282 - Found J13X1XF.txt (text/plain) in CBT.V508.FILE316.PDS, moved to PDS/J13X1XF
2025-04-04 07:47:31.042414 - Found J13X10.txt (text/plain) in CBT.V508.FILE316.PDS, moved to PDS/J13X10
2025-04-04 07:47:31.042529 - Found J13X255.txt (text/plain) in CBT.V508.FILE316.PDS, moved to PDS/J13X255
2025-04-04 07:47:31.042656 - Found J13X3.txt (text/plain) in CBT.V508.FILE316.PDS, moved to PDS/J13X3
2025-04-04 07:47:31.042773 - Found J13X3PVS.txt (text/plain) in CBT.V508.FILE316.PDS, moved to PDS/J13X3PVS
2025-04-04 07:47:31.042902 - Found J13X4.txt (text/plain) in CBT.V508.FILE316.PDS, moved to PDS/J13X4
2025-04-04 07:47:31.043039 - Found LISPDS.txt (text/plain) in CBT.V508.FILE316.PDS, moved to PDS/LISPDS
2025-04-04 07:47:31.043154 - Found LISPDS$.jcl (text/plain) in CBT.V508.FILE316.PDS, moved to PDS/LISPDS$
2025-04-04 07:47:31.043293 - Found LISPDS1.txt (text/plain) in CBT.V508.FILE316.PDS, moved to PDS/LISPDS1
2025-04-04 07:47:31.043408 - Found LISTCTL$.txt (text/plain) in CBT.V508.FILE316.PDS, moved to PDS/LISTCTL$
2025-04-04 07:47:31.043540 - Found LISTCTLG.txt (text/plain) in CBT.V508.FILE316.PDS, moved to PDS/LISTCTLG
2025-04-04 07:47:31.043658 - Found LISTIDR.txt (text/plain) in CBT.V508.FILE316.PDS, moved to PDS/LISTIDR
2025-04-04 07:47:31.043777 - Found LISTIDR$.txt (text/plain) in CBT.V508.FILE316.PDS, moved to PDS/LISTIDR$
2025-04-04 07:47:31.043888 - Found LISTIDR#.jcl (text/plain) in CBT.V508.FILE316.PDS, moved to PDS/LISTIDR#
2025-04-04 07:47:31.044027 - Found LISTPDO.txt (text/plain) in CBT.V508.FILE316.PDS, moved to PDS/LISTPDO
2025-04-04 07:47:31.044163 - Found LISTPDO$.txt (text/plain) in CBT.V508.FILE316.PDS, moved to PDS/LISTPDO$
2025-04-04 07:47:31.044309 - Found LISTPDS.txt (text/plain) in CBT.V508.FILE316.PDS, moved to PDS/LISTPDS
2025-04-04 07:47:31.044430 - Found LISTPDS$.jcl (text/plain) in CBT.V508.FILE316.PDS, moved to PDS/LISTPDS$
2025-04-04 07:47:31.044557 - Found LISTPDS#.txt (text/plain) in CBT.V508.FILE316.PDS, moved to PDS/LISTPDS#
2025-04-04 07:47:31.044698 - Found LISTPDS1.txt (text/plain) in CBT.V508.FILE316.PDS, moved to PDS/LISTPDS1
2025-04-04 07:47:31.044840 - Found LISTPDS2.txt (text/plain) in CBT.V508.FILE316.PDS, moved to PDS/LISTPDS2
2025-04-04 07:47:31.044966 - Found LKEBOX1.txt (text/plain) in CBT.V508.FILE316.PDS, moved to PDS/LKEBOX1
2025-04-04 07:47:31.045084 - Found LKEDMOD.jcl (text/plain) in CBT.V508.FILE316.PDS, moved to PDS/LKEDMOD
2025-04-04 07:47:31.045215 - Found LKEDMOD1.jcl (text/plain) in CBT.V508.FILE316.PDS, moved to PDS/LKEDMOD1
2025-04-04 07:47:31.045342 - Found LKEDXEWL.jcl (text/plain) in CBT.V508.FILE316.PDS, moved to PDS/LKEDXEWL
2025-04-04 07:47:31.045472 - Found LKER90.txt (text/plain) in CBT.V508.FILE316.PDS, moved to PDS/LKER90
2025-04-04 07:47:31.045584 - Found LKER90$.txt (text/plain) in CBT.V508.FILE316.PDS, moved to PDS/LKER90$
2025-04-04 07:47:31.045706 - Found MACROS.txt (text/plain) in CBT.V508.FILE316.PDS, moved to PDS/MACROS
2025-04-04 07:47:31.045868 - Found MIM#3.bin (application/octet-stream) in CBT.V508.FILE316.PDS, moved to PDS/MIM#3
2025-04-04 07:47:31.045978 - Found MIM#3$.txt (text/plain) in CBT.V508.FILE316.PDS, moved to PDS/MIM#3$
2025-04-04 07:47:31.046092 - Found MIRROR.txt (text/plain) in CBT.V508.FILE316.PDS, moved to PDS/MIRROR
2025-04-04 07:47:31.046224 - Found MIRROR$.txt (text/plain) in CBT.V508.FILE316.PDS, moved to PDS/MIRROR$
2025-04-04 07:47:31.046356 - Found MODREP.txt (text/plain) in CBT.V508.FILE316.PDS, moved to PDS/MODREP
2025-04-04 07:47:31.046490 - Found MODREP$.txt (text/plain) in CBT.V508.FILE316.PDS, moved to PDS/MODREP$
2025-04-04 07:47:31.046610 - Found MSGWRITE.txt (text/plain) in CBT.V508.FILE316.PDS, moved to PDS/MSGWRITE
2025-04-04 07:47:31.046725 - Found MSSMOUNT.jcl (text/plain) in CBT.V508.FILE316.PDS, moved to PDS/MSSMOUNT
2025-04-04 07:47:31.046853 - Found OFFLOAD.txt (text/plain) in CBT.V508.FILE316.PDS, moved to PDS/OFFLOAD
2025-04-04 07:47:31.046971 - Found OFFLOAD$.jcl (text/plain) in CBT.V508.FILE316.PDS, moved to PDS/OFFLOAD$
2025-04-04 07:47:31.047095 - Found OFFLOADO.txt (text/plain) in CBT.V508.FILE316.PDS, moved to PDS/OFFLOADO
2025-04-04 07:47:31.047232 - Found OFFLOAD1.txt (text/plain) in CBT.V508.FILE316.PDS, moved to PDS/OFFLOAD1
2025-04-04 07:47:31.047349 - Found PACKED.txt (text/plain) in CBT.V508.FILE316.PDS, moved to PDS/PACKED
2025-04-04 07:47:31.047478 - Found PACKED$.jcl (text/plain) in CBT.V508.FILE316.PDS, moved to PDS/PACKED$
2025-04-04 07:47:31.047593 - Found PACKED#1.jcl (text/plain) in CBT.V508.FILE316.PDS, moved to PDS/PACKED#1
2025-04-04 07:47:31.047706 - Found PARMBLO$.txt (text/plain) in CBT.V508.FILE316.PDS, moved to PDS/PARMBLO$
2025-04-04 07:47:31.047820 - Found PARMBLOC.txt (text/plain) in CBT.V508.FILE316.PDS, moved to PDS/PARMBLOC
2025-04-04 07:47:31.047935 - Found PDSGAS.txt (text/plain) in CBT.V508.FILE316.PDS, moved to PDS/PDSGAS
2025-04-04 07:47:31.048047 - Found PDSGAS$.txt (text/plain) in CBT.V508.FILE316.PDS, moved to PDS/PDSGAS$
2025-04-04 07:47:31.048180 - Found PDSLOAD.txt (text/plain) in CBT.V508.FILE316.PDS, moved to PDS/PDSLOAD
2025-04-04 07:47:31.048296 - Found PDSLOAD$.jcl (text/plain) in CBT.V508.FILE316.PDS, moved to PDS/PDSLOAD$
2025-04-04 07:47:31.048433 - Found PDSLOADO.txt (text/plain) in CBT.V508.FILE316.PDS, moved to PDS/PDSLOADO
2025-04-04 07:47:31.048551 - Found PDSLOAO$.txt (text/plain) in CBT.V508.FILE316.PDS, moved to PDS/PDSLOAO$
2025-04-04 07:47:31.048695 - Found PDSLOA01.txt (text/plain) in CBT.V508.FILE316.PDS, moved to PDS/PDSLOA01
2025-04-04 07:47:31.048813 - Found PDSMATC$.jcl (text/plain) in CBT.V508.FILE316.PDS, moved to PDS/PDSMATC$
2025-04-04 07:47:31.048928 - Found PDSMATC#.jcl (text/plain) in CBT.V508.FILE316.PDS, moved to PDS/PDSMATC#
2025-04-04 07:47:31.049054 - Found PDSMATCH.txt (text/plain) in CBT.V508.FILE316.PDS, moved to PDS/PDSMATCH
2025-04-04 07:47:31.049169 - Found PDSMATCO.txt (text/plain) in CBT.V508.FILE316.PDS, moved to PDS/PDSMATCO
2025-04-04 07:47:31.049280 - Found PDSMATO$.txt (text/plain) in CBT.V508.FILE316.PDS, moved to PDS/PDSMATO$
2025-04-04 07:47:31.049410 - Found PDSPRIN$.txt (text/plain) in CBT.V508.FILE316.PDS, moved to PDS/PDSPRIN$
2025-04-04 07:47:31.049536 - Found PDSPRINT.txt (text/plain) in CBT.V508.FILE316.PDS, moved to PDS/PDSPRINT
2025-04-04 07:47:31.049648 - Found PDSPROG$.txt (text/plain) in CBT.V508.FILE316.PDS, moved to PDS/PDSPROG$
2025-04-04 07:47:31.049767 - Found PDSPROGM.txt (text/plain) in CBT.V508.FILE316.PDS, moved to PDS/PDSPROGM
2025-04-04 07:47:31.049886 - Found PDSTEST.txt (text/plain) in CBT.V508.FILE316.PDS, moved to PDS/PDSTEST
2025-04-04 07:47:31.050000 - Found PDSTEST$.txt (text/plain) in CBT.V508.FILE316.PDS, moved to PDS/PDSTEST$
2025-04-04 07:47:31.050113 - Found PDSUTIL.txt (text/plain) in CBT.V508.FILE316.PDS, moved to PDS/PDSUTIL
2025-04-04 07:47:31.050230 - Found PDSUTIL$.txt (text/plain) in CBT.V508.FILE316.PDS, moved to PDS/PDSUTIL$
2025-04-04 07:47:31.050348 - Found PVSCHEK.txt (text/plain) in CBT.V508.FILE316.PDS, moved to PDS/PVSCHEK
2025-04-04 07:47:31.050461 - Found PVSCHEK$.txt (text/plain) in CBT.V508.FILE316.PDS, moved to PDS/PVSCHEK$
2025-04-04 07:47:31.050577 - Found PVSTABLS.txt (text/plain) in CBT.V508.FILE316.PDS, moved to PDS/PVSTABLS
2025-04-04 07:47:31.050724 - Found P38BOX1.txt (text/plain) in CBT.V508.FILE316.PDS, moved to PDS/P38BOX1
2025-04-04 07:47:31.050858 - Found P38TURN.txt (text/plain) in CBT.V508.FILE316.PDS, moved to PDS/P38TURN
2025-04-04 07:47:31.050973 - Found P38TXR0.txt (text/plain) in CBT.V508.FILE316.PDS, moved to PDS/P38TXR0
2025-04-04 07:47:31.051084 - Found P38TXR0$.txt (text/plain) in CBT.V508.FILE316.PDS, moved to PDS/P38TXR0$
2025-04-04 07:47:31.051201 - Found P38TXR1.txt (text/plain) in CBT.V508.FILE316.PDS, moved to PDS/P38TXR1
2025-04-04 07:47:31.051330 - Found P38TXR1$.jcl (text/plain) in CBT.V508.FILE316.PDS, moved to PDS/P38TXR1$
2025-04-04 07:47:31.051442 - Found RACHECK.txt (text/plain) in CBT.V508.FILE316.PDS, moved to PDS/RACHECK
2025-04-04 07:47:31.051552 - Found RACHECK$.txt (text/plain) in CBT.V508.FILE316.PDS, moved to PDS/RACHECK$
2025-04-04 07:47:31.051685 - Found READF.txt (text/plain) in CBT.V508.FILE316.PDS, moved to PDS/READF
2025-04-04 07:47:31.051801 - Found READF$.txt (text/plain) in CBT.V508.FILE316.PDS, moved to PDS/READF$
2025-04-04 07:47:31.051917 - Found RENDS.txt (text/plain) in CBT.V508.FILE316.PDS, moved to PDS/RENDS
2025-04-04 07:47:31.052032 - Found RENDS$.jcl (text/plain) in CBT.V508.FILE316.PDS, moved to PDS/RENDS$
2025-04-04 07:47:31.052160 - Found RESETU.txt (text/plain) in CBT.V508.FILE316.PDS, moved to PDS/RESETU
2025-04-04 07:47:31.052276 - Found RESETU$.jcl (text/plain) in CBT.V508.FILE316.PDS, moved to PDS/RESETU$
2025-04-04 07:47:31.052390 - Found ROTATER.txt (text/plain) in CBT.V508.FILE316.PDS, moved to PDS/ROTATER
2025-04-04 07:47:31.052527 - Found SEEKMON.txt (text/plain) in CBT.V508.FILE316.PDS, moved to PDS/SEEKMON
2025-04-04 07:47:31.052644 - Found SEEKMON$.txt (text/plain) in CBT.V508.FILE316.PDS, moved to PDS/SEEKMON$
2025-04-04 07:47:31.052792 - Found SETINIT.txt (text/plain) in CBT.V508.FILE316.PDS, moved to PDS/SETINIT
2025-04-04 07:47:31.052905 - Found SETINIT$.txt (text/plain) in CBT.V508.FILE316.PDS, moved to PDS/SETINIT$
2025-04-04 07:47:31.053025 - Found SMFDATE.txt (text/plain) in CBT.V508.FILE316.PDS, moved to PDS/SMFDATE
2025-04-04 07:47:31.053139 - Found SMFDATE$.txt (text/plain) in CBT.V508.FILE316.PDS, moved to PDS/SMFDATE$
2025-04-04 07:47:31.053273 - Found SMFWRT.txt (text/plain) in CBT.V508.FILE316.PDS, moved to PDS/SMFWRT
2025-04-04 07:47:31.053404 - Found SMFXTRK.txt (text/plain) in CBT.V508.FILE316.PDS, moved to PDS/SMFXTRK
2025-04-04 07:47:31.053514 - Found SMFXTRK$.txt (text/plain) in CBT.V508.FILE316.PDS, moved to PDS/SMFXTRK$
2025-04-04 07:47:31.053632 - Found SMF21RP.txt (text/plain) in CBT.V508.FILE316.PDS, moved to PDS/SMF21RP
2025-04-04 07:47:31.053747 - Found SMF21RP$.txt (text/plain) in CBT.V508.FILE316.PDS, moved to PDS/SMF21RP$
2025-04-04 07:47:31.053878 - Found SMF48RP.txt (text/plain) in CBT.V508.FILE316.PDS, moved to PDS/SMF48RP
2025-04-04 07:47:31.053996 - Found SMF48RP$.txt (text/plain) in CBT.V508.FILE316.PDS, moved to PDS/SMF48RP$
2025-04-04 07:47:31.054114 - Found SMF50RP.txt (text/plain) in CBT.V508.FILE316.PDS, moved to PDS/SMF50RP
2025-04-04 07:47:31.054228 - Found SMF53RP.txt (text/plain) in CBT.V508.FILE316.PDS, moved to PDS/SMF53RP
2025-04-04 07:47:31.054356 - Found SMF53RP$.txt (text/plain) in CBT.V508.FILE316.PDS, moved to PDS/SMF53RP$
2025-04-04 07:47:31.054475 - Found SMF71FP.txt (text/plain) in CBT.V508.FILE316.PDS, moved to PDS/SMF71FP
2025-04-04 07:47:31.054589 - Found SMF71FP$.txt (text/plain) in CBT.V508.FILE316.PDS, moved to PDS/SMF71FP$
2025-04-04 07:47:31.054704 - Found SMF71FR.txt (text/plain) in CBT.V508.FILE316.PDS, moved to PDS/SMF71FR
2025-04-04 07:47:31.054825 - Found SMF71FR$.txt (text/plain) in CBT.V508.FILE316.PDS, moved to PDS/SMF71FR$
2025-04-04 07:47:31.054953 - Found SMF71LF.txt (text/plain) in CBT.V508.FILE316.PDS, moved to PDS/SMF71LF
2025-04-04 07:47:31.055068 - Found SMF71LF$.txt (text/plain) in CBT.V508.FILE316.PDS, moved to PDS/SMF71LF$
2025-04-04 07:47:31.055182 - Found SMF71LP.txt (text/plain) in CBT.V508.FILE316.PDS, moved to PDS/SMF71LP
2025-04-04 07:47:31.055312 - Found SMF71LP$.txt (text/plain) in CBT.V508.FILE316.PDS, moved to PDS/SMF71LP$
2025-04-04 07:47:31.055426 - Found SMF71PN.txt (text/plain) in CBT.V508.FILE316.PDS, moved to PDS/SMF71PN
2025-04-04 07:47:31.055538 - Found SMF71PN$.txt (text/plain) in CBT.V508.FILE316.PDS, moved to PDS/SMF71PN$
2025-04-04 07:47:31.055648 - Found SMF71UP.txt (text/plain) in CBT.V508.FILE316.PDS, moved to PDS/SMF71UP
2025-04-04 07:47:31.055760 - Found SMF71UP$.txt (text/plain) in CBT.V508.FILE316.PDS, moved to PDS/SMF71UP$
2025-04-04 07:47:31.055875 - Found SMF71VP.txt (text/plain) in CBT.V508.FILE316.PDS, moved to PDS/SMF71VP
2025-04-04 07:47:31.055989 - Found SMF71VP$.txt (text/plain) in CBT.V508.FILE316.PDS, moved to PDS/SMF71VP$
2025-04-04 07:47:31.056115 - Found SMF71XF.txt (text/plain) in CBT.V508.FILE316.PDS, moved to PDS/SMF71XF
2025-04-04 07:47:31.056238 - Found SMF71XF$.txt (text/plain) in CBT.V508.FILE316.PDS, moved to PDS/SMF71XF$
2025-04-04 07:47:31.056361 - Found SMF72RP.txt (text/plain) in CBT.V508.FILE316.PDS, moved to PDS/SMF72RP
2025-04-04 07:47:31.057476 - Found SMF72RP$.txt (text/plain) in CBT.V508.FILE316.PDS, moved to PDS/SMF72RP$
2025-04-04 07:47:31.057642 - Found SMPERS4.txt (text/plain) in CBT.V508.FILE316.PDS, moved to PDS/SMPERS4
2025-04-04 07:47:31.057784 - Found SMPERS4$.txt (text/plain) in CBT.V508.FILE316.PDS, moved to PDS/SMPERS4$
2025-04-04 07:47:31.057910 - Found SMPERS5.txt (text/plain) in CBT.V508.FILE316.PDS, moved to PDS/SMPERS5
2025-04-04 07:47:31.058044 - Found SMPERS5$.txt (text/plain) in CBT.V508.FILE316.PDS, moved to PDS/SMPERS5$
2025-04-04 07:47:31.058165 - Found SMPER5A.txt (text/plain) in CBT.V508.FILE316.PDS, moved to PDS/SMPER5A
2025-04-04 07:47:31.058300 - Found SMPER5A$.txt (text/plain) in CBT.V508.FILE316.PDS, moved to PDS/SMPER5A$
2025-04-04 07:47:31.058430 - Found SMPER5A#.txt (text/plain) in CBT.V508.FILE316.PDS, moved to PDS/SMPER5A#
2025-04-04 07:47:31.058557 - Found SPANCOP$.txt (text/plain) in CBT.V508.FILE316.PDS, moved to PDS/SPANCOP$
2025-04-04 07:47:31.058679 - Found SPANCOPY.txt (text/plain) in CBT.V508.FILE316.PDS, moved to PDS/SPANCOPY
2025-04-04 07:47:31.058805 - Found SQBLNK.txt (text/plain) in CBT.V508.FILE316.PDS, moved to PDS/SQBLNK
2025-04-04 07:47:31.058927 - Found STAE$XIT.txt (text/plain) in CBT.V508.FILE316.PDS, moved to PDS/STAE$XIT
2025-04-04 07:47:31.059042 - Found STRMACS.txt (text/plain) in CBT.V508.FILE316.PDS, moved to PDS/STRMACS
2025-04-04 07:47:31.059158 - Found SYSLOG.txt (text/plain) in CBT.V508.FILE316.PDS, moved to PDS/SYSLOG
2025-04-04 07:47:31.059280 - Found SYSLOG$.txt (text/plain) in CBT.V508.FILE316.PDS, moved to PDS/SYSLOG$
2025-04-04 07:47:31.059403 - Found SYSREPR$.txt (text/plain) in CBT.V508.FILE316.PDS, moved to PDS/SYSREPR$
2025-04-04 07:47:31.059547 - Found SYSREPRO.txt (text/plain) in CBT.V508.FILE316.PDS, moved to PDS/SYSREPRO
2025-04-04 07:47:31.059701 - Found TANAL.txt (text/plain) in CBT.V508.FILE316.PDS, moved to PDS/TANAL
2025-04-04 07:47:31.059848 - Found TANAL$.txt (text/plain) in CBT.V508.FILE316.PDS, moved to PDS/TANAL$
2025-04-04 07:47:31.060003 - Found TAPEL.txt (text/plain) in CBT.V508.FILE316.PDS, moved to PDS/TAPEL
2025-04-04 07:47:31.060156 - Found TAPEL$.jcl (text/plain) in CBT.V508.FILE316.PDS, moved to PDS/TAPEL$
2025-04-04 07:47:31.060300 - Found TAPELZAP.jcl (text/plain) in CBT.V508.FILE316.PDS, moved to PDS/TAPELZAP
2025-04-04 07:47:31.060458 - Found TAPEMAP.txt (text/plain) in CBT.V508.FILE316.PDS, moved to PDS/TAPEMAP
2025-04-04 07:47:31.060616 - Found TAPEMAP$.txt (text/plain) in CBT.V508.FILE316.PDS, moved to PDS/TAPEMAP$
2025-04-04 07:47:31.060787 - Found TAPESCAN.txt (text/plain) in CBT.V508.FILE316.PDS, moved to PDS/TAPESCAN
2025-04-04 07:47:31.060944 - Found TAPESC44.txt (text/plain) in CBT.V508.FILE316.PDS, moved to PDS/TAPESC44
2025-04-04 07:47:31.061101 - Found TIDY.txt (text/plain) in CBT.V508.FILE316.PDS, moved to PDS/TIDY
2025-04-04 07:47:31.061263 - Found TIDYASM.txt (text/plain) in CBT.V508.FILE316.PDS, moved to PDS/TIDYASM
2025-04-04 07:47:31.061437 - Found TIDYASM$.txt (text/plain) in CBT.V508.FILE316.PDS, moved to PDS/TIDYASM$
2025-04-04 07:47:31.061579 - Found TLABEL.txt (text/plain) in CBT.V508.FILE316.PDS, moved to PDS/TLABEL
2025-04-04 07:47:31.061738 - Found TLABEL$.txt (text/plain) in CBT.V508.FILE316.PDS, moved to PDS/TLABEL$
2025-04-04 07:47:31.061913 - Found TLPRINT.txt (text/plain) in CBT.V508.FILE316.PDS, moved to PDS/TLPRINT
2025-04-04 07:47:31.062068 - Found TLPRINT$.txt (text/plain) in CBT.V508.FILE316.PDS, moved to PDS/TLPRINT$
2025-04-04 07:47:31.062215 - Found TMSLABL.txt (text/plain) in CBT.V508.FILE316.PDS, moved to PDS/TMSLABL
2025-04-04 07:47:31.062408 - Found TMSLABL$.txt (text/plain) in CBT.V508.FILE316.PDS, moved to PDS/TMSLABL$
2025-04-04 07:47:31.062559 - Found TOD.txt (text/plain) in CBT.V508.FILE316.PDS, moved to PDS/TOD
2025-04-04 07:47:31.062725 - Found TOD$.jcl (text/plain) in CBT.V508.FILE316.PDS, moved to PDS/TOD$
2025-04-04 07:47:31.062898 - Found TOD$O.txt (text/plain) in CBT.V508.FILE316.PDS, moved to PDS/TOD$O
2025-04-04 07:47:31.063053 - Found TODCNVR$.txt (text/plain) in CBT.V508.FILE316.PDS, moved to PDS/TODCNVR$
2025-04-04 07:47:31.063213 - Found TODCNVRT.txt (text/plain) in CBT.V508.FILE316.PDS, moved to PDS/TODCNVRT
2025-04-04 07:47:31.063368 - Found TOD01.txt (text/plain) in CBT.V508.FILE316.PDS, moved to PDS/TOD01
2025-04-04 07:47:31.063514 - Found UADL.txt (text/plain) in CBT.V508.FILE316.PDS, moved to PDS/UADL
2025-04-04 07:47:31.063678 - Found UADLIN#0.txt (text/plain) in CBT.V508.FILE316.PDS, moved to PDS/UADLIN#0
2025-04-04 07:47:31.063804 - Found UADLIN#1.eml (message/rfc822) in CBT.V508.FILE316.PDS, moved to PDS/UADLIN#1
2025-04-04 07:47:31.063943 - Found UADLIN#2.eml (message/rfc822) in CBT.V508.FILE316.PDS, moved to PDS/UADLIN#2
2025-04-04 07:47:31.064087 - Found UADLIST.txt (text/plain) in CBT.V508.FILE316.PDS, moved to PDS/UADLIST
2025-04-04 07:47:31.064218 - Found UADLIST$.jcl (text/plain) in CBT.V508.FILE316.PDS, moved to PDS/UADLIST$
2025-04-04 07:47:31.064347 - Found UADLISTO.txt (text/plain) in CBT.V508.FILE316.PDS, moved to PDS/UADLISTO
2025-04-04 07:47:31.064474 - Found UADLIST1.jcl (text/plain) in CBT.V508.FILE316.PDS, moved to PDS/UADLIST1
2025-04-04 07:47:31.064600 - Found UADLIS01.txt (text/plain) in CBT.V508.FILE316.PDS, moved to PDS/UADLIS01
2025-04-04 07:47:31.064734 - Found UADSORT.txt (text/plain) in CBT.V508.FILE316.PDS, moved to PDS/UADSORT
2025-04-04 07:47:31.064862 - Found UADSORT$.jcl (text/plain) in CBT.V508.FILE316.PDS, moved to PDS/UADSORT$
2025-04-04 07:47:31.065002 - Found UADSORTO.txt (text/plain) in CBT.V508.FILE316.PDS, moved to PDS/UADSORTO
2025-04-04 07:47:31.065125 - Found UNIVERT.txt (text/plain) in CBT.V508.FILE316.PDS, moved to PDS/UNIVERT
2025-04-04 07:47:31.065240 - Found UNIVERT$.txt (text/plain) in CBT.V508.FILE316.PDS, moved to PDS/UNIVERT$
2025-04-04 07:47:31.065375 - Found USRGUIDE.txt (text/plain) in CBT.V508.FILE316.PDS, moved to PDS/USRGUIDE
2025-04-04 07:47:31.065490 - Found VBSFIX.txt (text/plain) in CBT.V508.FILE316.PDS, moved to PDS/VBSFIX
2025-04-04 07:47:31.065608 - Found VBSFIX$.txt (text/plain) in CBT.V508.FILE316.PDS, moved to PDS/VBSFIX$
2025-04-04 07:47:31.065726 - Found VIOEXIT.txt (text/plain) in CBT.V508.FILE316.PDS, moved to PDS/VIOEXIT
2025-04-04 07:47:31.065851 - Found VIOEXIT$.txt (text/plain) in CBT.V508.FILE316.PDS, moved to PDS/VIOEXIT$
2025-04-04 07:47:31.065973 - Found VKILLER.txt (text/plain) in CBT.V508.FILE316.PDS, moved to PDS/VKILLER
2025-04-04 07:47:31.066093 - Found VKILLER$.txt (text/plain) in CBT.V508.FILE316.PDS, moved to PDS/VKILLER$
2025-04-04 07:47:31.066202 - Found ZDUMPTP.txt (text/plain) in CBT.V508.FILE316.PDS, moved to PDS/ZDUMPTP
2025-04-04 07:47:31.066319 - Found ZDUMPTP$.txt (text/plain) in CBT.V508.FILE316.PDS, moved to PDS/ZDUMPTP$
2025-04-04 07:47:31.066439 - Found ZEBCOMPR.jcl (text/plain) in CBT.V508.FILE316.PDS, moved to PDS/ZEBCOMPR
2025-04-04 07:47:31.066564 - Found ZEBCOMP1.txt (text/plain) in CBT.V508.FILE316.PDS, moved to PDS/ZEBCOMP1
2025-04-04 07:47:31.066687 - Found ZMSG.txt (text/plain) in CBT.V508.FILE316.PDS, moved to PDS/ZMSG
2025-04-04 07:47:31.066818 - Found ZMSG$.txt (text/plain) in CBT.V508.FILE316.PDS, moved to PDS/ZMSG$
2025-04-04 07:47:31.066936 - Found ZTSECUR$.txt (text/plain) in CBT.V508.FILE316.PDS, moved to PDS/ZTSECUR$
2025-04-04 07:47:31.067061 - Found ZTSECURE.txt (text/plain) in CBT.V508.FILE316.PDS, moved to PDS/ZTSECURE
